[2019-05-23 04:50:08] app.ERROR: Data from PrestaShop Addons is invalid, and cannot fallback on cache.  {"exception":"cURL error 28: Operation timed out after 5007 milliseconds with 1480608370917376 bytes received"} []
[2019-05-22 23:54:32] app.ERROR: Data from PrestaShop Addons is invalid, and cannot fallback on cache.  {"exception":"cURL error 28: Operation timed out after 5008 milliseconds with 693873441505280 bytes received"} []
[2019-05-23 00:25:08] app.ERROR: Data from PrestaShop Addons is invalid, and cannot fallback on cache.  {"exception":"cURL error 28: Operation timed out after 5008 milliseconds with 778295318675456 bytes received"} []
[2019-05-24 04:14:30] request.INFO: Matched route "admin_product_form". {"route":"admin_product_form","route_parameters":{"_controller":"PrestaShopBundle\\Controller\\Admin\\ProductController::formAction","_legacy_controller":"AdminProducts","_legacy_param_mapper_class":"PrestaShop\\PrestaShop\\Adapter\\Product\\AdminProductDataProvider","_legacy_param_mapper_method":"mapLegacyParametersProductForm","id":"20","_route":"admin_product_form"},"request_uri":"http://localhost/jms_shella/admin4672dprho/index.php/sell/catalog/products/20?_token=gDhdhR0U8YleEnK7FhQC6sP1gsQBRb1KoBjM0rOu2pQ","method":"GET"} []
[2019-05-24 04:14:30] security.DEBUG: Read existing security token from the session. {"key":"_security_main","token_class":"Symfony\\Component\\Security\\Core\\Authentication\\Token\\UsernamePasswordToken"} []
[2019-05-24 04:14:30] security.DEBUG: User was reloaded from a user provider. {"provider":"PrestaShopBundle\\Security\\Admin\\EmployeeProvider","username":"admin@admin.com"} []
[2019-05-24 04:14:33] app.ERROR: Data from PrestaShop Addons is invalid, and cannot fallback on cache.  {"exception":"Server error response [url] https://api-addons.prestashop.com?format=json&iso_lang=en&iso_code=US&version=1.7.5.2&shop_url=http%3A%2F%2Flocalhost&method=listing&action=must-have [status code] 500 [reason phrase] Internal Server Error"} []
[2019-05-24 04:14:33] security.DEBUG: Stored the security token in the session. {"key":"_security_main"} []
[2019-05-24 04:33:48] request.INFO: Matched route "admin_product_form". {"route":"admin_product_form","route_parameters":{"_controller":"PrestaShopBundle\\Controller\\Admin\\ProductController::formAction","_legacy_controller":"AdminProducts","_legacy_param_mapper_class":"PrestaShop\\PrestaShop\\Adapter\\Product\\AdminProductDataProvider","_legacy_param_mapper_method":"mapLegacyParametersProductForm","id":"20","_route":"admin_product_form"},"request_uri":"http://localhost/jms_shella/admin4672dprho/index.php/sell/catalog/products/20?_token=gDhdhR0U8YleEnK7FhQC6sP1gsQBRb1KoBjM0rOu2pQ","method":"GET"} []
[2019-05-24 04:33:48] security.DEBUG: Read existing security token from the session. {"key":"_security_main","token_class":"Symfony\\Component\\Security\\Core\\Authentication\\Token\\UsernamePasswordToken"} []
[2019-05-24 04:33:48] security.DEBUG: User was reloaded from a user provider. {"provider":"PrestaShopBundle\\Security\\Admin\\EmployeeProvider","username":"admin@admin.com"} []
[2019-05-24 04:33:49] app.ERROR: Data from PrestaShop Addons is invalid, and cannot fallback on cache.  {"exception":"Server error response [url] https://api-addons.prestashop.com?format=json&iso_lang=en&iso_code=US&version=1.7.5.2&shop_url=http%3A%2F%2Flocalhost&method=listing&action=must-have [status code] 500 [reason phrase] Internal Server Error"} []
[2019-05-24 04:33:49] security.DEBUG: Stored the security token in the session. {"key":"_security_main"} []
[2019-05-24 04:34:07] request.INFO: Matched route "admin_product_form". {"route":"admin_product_form","route_parameters":{"_controller":"PrestaShopBundle\\Controller\\Admin\\ProductController::formAction","_legacy_controller":"AdminProducts","_legacy_param_mapper_class":"PrestaShop\\PrestaShop\\Adapter\\Product\\AdminProductDataProvider","_legacy_param_mapper_method":"mapLegacyParametersProductForm","id":"21","_route":"admin_product_form"},"request_uri":"http://localhost/jms_shella/admin4672dprho/index.php/sell/catalog/products/21?_token=gDhdhR0U8YleEnK7FhQC6sP1gsQBRb1KoBjM0rOu2pQ","method":"GET"} []
[2019-05-24 04:34:07] security.DEBUG: Read existing security token from the session. {"key":"_security_main","token_class":"Symfony\\Component\\Security\\Core\\Authentication\\Token\\UsernamePasswordToken"} []
[2019-05-24 04:34:07] security.DEBUG: User was reloaded from a user provider. {"provider":"PrestaShopBundle\\Security\\Admin\\EmployeeProvider","username":"admin@admin.com"} []
[2019-05-24 04:34:08] app.ERROR: Data from PrestaShop Addons is invalid, and cannot fallback on cache.  {"exception":"Server error response [url] https://api-addons.prestashop.com?format=json&iso_lang=en&iso_code=US&version=1.7.5.2&shop_url=http%3A%2F%2Flocalhost&method=listing&action=must-have [status code] 500 [reason phrase] Internal Server Error"} []
[2019-05-24 04:34:08] security.DEBUG: Stored the security token in the session. {"key":"_security_main"} []
[2019-05-24 04:37:41] request.INFO: Matched route "admin_product_form". {"route":"admin_product_form","route_parameters":{"_controller":"PrestaShopBundle\\Controller\\Admin\\ProductController::formAction","_legacy_controller":"AdminProducts","_legacy_param_mapper_class":"PrestaShop\\PrestaShop\\Adapter\\Product\\AdminProductDataProvider","_legacy_param_mapper_method":"mapLegacyParametersProductForm","id":"22","_route":"admin_product_form"},"request_uri":"http://localhost/jms_shella/admin4672dprho/index.php/sell/catalog/products/22?_token=gDhdhR0U8YleEnK7FhQC6sP1gsQBRb1KoBjM0rOu2pQ","method":"GET"} []
[2019-05-24 04:37:41] security.DEBUG: Read existing security token from the session. {"key":"_security_main","token_class":"Symfony\\Component\\Security\\Core\\Authentication\\Token\\UsernamePasswordToken"} []
[2019-05-24 04:37:41] security.DEBUG: User was reloaded from a user provider. {"provider":"PrestaShopBundle\\Security\\Admin\\EmployeeProvider","username":"admin@admin.com"} []
[2019-05-24 04:37:42] app.ERROR: Data from PrestaShop Addons is invalid, and cannot fallback on cache.  {"exception":"Server error response [url] https://api-addons.prestashop.com?format=json&iso_lang=en&iso_code=US&version=1.7.5.2&shop_url=http%3A%2F%2Flocalhost&method=listing&action=must-have [status code] 500 [reason phrase] Internal Server Error"} []
[2019-05-24 04:37:42] security.DEBUG: Stored the security token in the session. {"key":"_security_main"} []
[2019-05-24 04:40:01] request.INFO: Matched route "admin_product_form". {"route":"admin_product_form","route_parameters":{"_controller":"PrestaShopBundle\\Controller\\Admin\\ProductController::formAction","_legacy_controller":"AdminProducts","_legacy_param_mapper_class":"PrestaShop\\PrestaShop\\Adapter\\Product\\AdminProductDataProvider","_legacy_param_mapper_method":"mapLegacyParametersProductForm","id":"23","_route":"admin_product_form"},"request_uri":"http://localhost/jms_shella/admin4672dprho/index.php/sell/catalog/products/23?_token=gDhdhR0U8YleEnK7FhQC6sP1gsQBRb1KoBjM0rOu2pQ","method":"GET"} []
[2019-05-24 04:40:01] security.DEBUG: Read existing security token from the session. {"key":"_security_main","token_class":"Symfony\\Component\\Security\\Core\\Authentication\\Token\\UsernamePasswordToken"} []
[2019-05-24 04:40:01] security.DEBUG: User was reloaded from a user provider. {"provider":"PrestaShopBundle\\Security\\Admin\\EmployeeProvider","username":"admin@admin.com"} []
[2019-05-24 04:40:02] app.ERROR: Data from PrestaShop Addons is invalid, and cannot fallback on cache.  {"exception":"Server error response [url] https://api-addons.prestashop.com?format=json&iso_lang=en&iso_code=US&version=1.7.5.2&shop_url=http%3A%2F%2Flocalhost&method=listing&action=must-have [status code] 500 [reason phrase] Internal Server Error"} []
[2019-05-24 04:40:02] security.DEBUG: Stored the security token in the session. {"key":"_security_main"} []
[2019-05-24 04:40:55] request.INFO: Matched route "admin_product_form". {"route":"admin_product_form","route_parameters":{"_controller":"PrestaShopBundle\\Controller\\Admin\\ProductController::formAction","_legacy_controller":"AdminProducts","_legacy_param_mapper_class":"PrestaShop\\PrestaShop\\Adapter\\Product\\AdminProductDataProvider","_legacy_param_mapper_method":"mapLegacyParametersProductForm","id":"22","_route":"admin_product_form"},"request_uri":"http://localhost/jms_shella/admin4672dprho/index.php/sell/catalog/products/22?_token=gDhdhR0U8YleEnK7FhQC6sP1gsQBRb1KoBjM0rOu2pQ","method":"GET"} []
[2019-05-24 04:40:55] security.DEBUG: Read existing security token from the session. {"key":"_security_main","token_class":"Symfony\\Component\\Security\\Core\\Authentication\\Token\\UsernamePasswordToken"} []
[2019-05-24 04:40:55] security.DEBUG: User was reloaded from a user provider. {"provider":"PrestaShopBundle\\Security\\Admin\\EmployeeProvider","username":"admin@admin.com"} []
[2019-05-24 04:40:56] app.ERROR: Data from PrestaShop Addons is invalid, and cannot fallback on cache.  {"exception":"Server error response [url] https://api-addons.prestashop.com?format=json&iso_lang=en&iso_code=US&version=1.7.5.2&shop_url=http%3A%2F%2Flocalhost&method=listing&action=must-have [status code] 500 [reason phrase] Internal Server Error"} []
[2019-05-24 04:40:56] security.DEBUG: Stored the security token in the session. {"key":"_security_main"} []
[2019-05-24 04:43:01] request.INFO: Matched route "admin_product_form". {"route":"admin_product_form","route_parameters":{"_controller":"PrestaShopBundle\\Controller\\Admin\\ProductController::formAction","_legacy_controller":"AdminProducts","_legacy_param_mapper_class":"PrestaShop\\PrestaShop\\Adapter\\Product\\AdminProductDataProvider","_legacy_param_mapper_method":"mapLegacyParametersProductForm","id":"23","_route":"admin_product_form"},"request_uri":"http://localhost/jms_shella/admin4672dprho/index.php/sell/catalog/products/23?_token=gDhdhR0U8YleEnK7FhQC6sP1gsQBRb1KoBjM0rOu2pQ","method":"GET"} []
[2019-05-24 04:43:01] security.DEBUG: Read existing security token from the session. {"key":"_security_main","token_class":"Symfony\\Component\\Security\\Core\\Authentication\\Token\\UsernamePasswordToken"} []
[2019-05-24 04:43:01] security.DEBUG: User was reloaded from a user provider. {"provider":"PrestaShopBundle\\Security\\Admin\\EmployeeProvider","username":"admin@admin.com"} []
[2019-05-24 04:43:02] app.ERROR: Data from PrestaShop Addons is invalid, and cannot fallback on cache.  {"exception":"Server error response [url] https://api-addons.prestashop.com?format=json&iso_lang=en&iso_code=US&version=1.7.5.2&shop_url=http%3A%2F%2Flocalhost&method=listing&action=must-have [status code] 500 [reason phrase] Internal Server Error"} []
[2019-05-24 04:43:02] security.DEBUG: Stored the security token in the session. {"key":"_security_main"} []
[2019-05-24 04:49:12] request.INFO: Matched route "admin_product_form". {"route":"admin_product_form","route_parameters":{"_controller":"PrestaShopBundle\\Controller\\Admin\\ProductController::formAction","_legacy_controller":"AdminProducts","_legacy_param_mapper_class":"PrestaShop\\PrestaShop\\Adapter\\Product\\AdminProductDataProvider","_legacy_param_mapper_method":"mapLegacyParametersProductForm","id":"24","_route":"admin_product_form"},"request_uri":"http://localhost/jms_shella/admin4672dprho/index.php/sell/catalog/products/24?_token=gDhdhR0U8YleEnK7FhQC6sP1gsQBRb1KoBjM0rOu2pQ","method":"GET"} []
[2019-05-24 04:49:12] security.DEBUG: Read existing security token from the session. {"key":"_security_main","token_class":"Symfony\\Component\\Security\\Core\\Authentication\\Token\\UsernamePasswordToken"} []
[2019-05-24 04:49:12] security.DEBUG: User was reloaded from a user provider. {"provider":"PrestaShopBundle\\Security\\Admin\\EmployeeProvider","username":"admin@admin.com"} []
[2019-05-24 04:49:13] app.ERROR: Data from PrestaShop Addons is invalid, and cannot fallback on cache.  {"exception":"Server error response [url] https://api-addons.prestashop.com?format=json&iso_lang=en&iso_code=US&version=1.7.5.2&shop_url=http%3A%2F%2Flocalhost&method=listing&action=must-have [status code] 500 [reason phrase] Internal Server Error"} []
[2019-05-24 04:49:13] security.DEBUG: Stored the security token in the session. {"key":"_security_main"} []
[2019-05-24 04:51:20] request.INFO: Matched route "admin_product_form". {"route":"admin_product_form","route_parameters":{"_controller":"PrestaShopBundle\\Controller\\Admin\\ProductController::formAction","_legacy_controller":"AdminProducts","_legacy_param_mapper_class":"PrestaShop\\PrestaShop\\Adapter\\Product\\AdminProductDataProvider","_legacy_param_mapper_method":"mapLegacyParametersProductForm","id":"25","_route":"admin_product_form"},"request_uri":"http://localhost/jms_shella/admin4672dprho/index.php/sell/catalog/products/25?_token=gDhdhR0U8YleEnK7FhQC6sP1gsQBRb1KoBjM0rOu2pQ","method":"GET"} []
[2019-05-24 04:51:20] security.DEBUG: Read existing security token from the session. {"key":"_security_main","token_class":"Symfony\\Component\\Security\\Core\\Authentication\\Token\\UsernamePasswordToken"} []
[2019-05-24 04:51:20] security.DEBUG: User was reloaded from a user provider. {"provider":"PrestaShopBundle\\Security\\Admin\\EmployeeProvider","username":"admin@admin.com"} []
[2019-05-24 04:51:21] app.ERROR: Data from PrestaShop Addons is invalid, and cannot fallback on cache.  {"exception":"Server error response [url] https://api-addons.prestashop.com?format=json&iso_lang=en&iso_code=US&version=1.7.5.2&shop_url=http%3A%2F%2Flocalhost&method=listing&action=must-have [status code] 500 [reason phrase] Internal Server Error"} []
[2019-05-24 04:51:21] security.DEBUG: Stored the security token in the session. {"key":"_security_main"} []
[2019-05-24 04:54:54] request.INFO: Matched route "admin_product_form". {"route":"admin_product_form","route_parameters":{"_controller":"PrestaShopBundle\\Controller\\Admin\\ProductController::formAction","_legacy_controller":"AdminProducts","_legacy_param_mapper_class":"PrestaShop\\PrestaShop\\Adapter\\Product\\AdminProductDataProvider","_legacy_param_mapper_method":"mapLegacyParametersProductForm","id":"26","_route":"admin_product_form"},"request_uri":"http://localhost/jms_shella/admin4672dprho/index.php/sell/catalog/products/26?_token=gDhdhR0U8YleEnK7FhQC6sP1gsQBRb1KoBjM0rOu2pQ","method":"GET"} []
[2019-05-24 04:54:55] security.DEBUG: Read existing security token from the session. {"key":"_security_main","token_class":"Symfony\\Component\\Security\\Core\\Authentication\\Token\\UsernamePasswordToken"} []
[2019-05-24 04:54:55] security.DEBUG: User was reloaded from a user provider. {"provider":"PrestaShopBundle\\Security\\Admin\\EmployeeProvider","username":"admin@admin.com"} []
[2019-05-24 04:54:55] app.ERROR: Data from PrestaShop Addons is invalid, and cannot fallback on cache.  {"exception":"Server error response [url] https://api-addons.prestashop.com?format=json&iso_lang=en&iso_code=US&version=1.7.5.2&shop_url=http%3A%2F%2Flocalhost&method=listing&action=must-have [status code] 500 [reason phrase] Internal Server Error"} []
[2019-05-24 04:54:55] security.DEBUG: Stored the security token in the session. {"key":"_security_main"} []
[2019-05-24 05:02:55] request.INFO: Matched route "admin_product_form". {"route":"admin_product_form","route_parameters":{"_controller":"PrestaShopBundle\\Controller\\Admin\\ProductController::formAction","_legacy_controller":"AdminProducts","_legacy_param_mapper_class":"PrestaShop\\PrestaShop\\Adapter\\Product\\AdminProductDataProvider","_legacy_param_mapper_method":"mapLegacyParametersProductForm","id":"27","_route":"admin_product_form"},"request_uri":"http://localhost/jms_shella/admin4672dprho/index.php/sell/catalog/products/27?_token=gDhdhR0U8YleEnK7FhQC6sP1gsQBRb1KoBjM0rOu2pQ","method":"GET"} []
[2019-05-24 05:02:55] security.DEBUG: Read existing security token from the session. {"key":"_security_main","token_class":"Symfony\\Component\\Security\\Core\\Authentication\\Token\\UsernamePasswordToken"} []
[2019-05-24 05:02:55] security.DEBUG: User was reloaded from a user provider. {"provider":"PrestaShopBundle\\Security\\Admin\\EmployeeProvider","username":"admin@admin.com"} []
[2019-05-24 05:02:56] app.ERROR: Data from PrestaShop Addons is invalid, and cannot fallback on cache.  {"exception":"Server error response [url] https://api-addons.prestashop.com?format=json&iso_lang=en&iso_code=US&version=1.7.5.2&shop_url=http%3A%2F%2Flocalhost&method=listing&action=must-have [status code] 500 [reason phrase] Internal Server Error"} []
[2019-05-24 05:02:56] security.DEBUG: Stored the security token in the session. {"key":"_security_main"} []
[2019-05-24 05:06:13] request.INFO: Matched route "admin_product_form". {"route":"admin_product_form","route_parameters":{"_controller":"PrestaShopBundle\\Controller\\Admin\\ProductController::formAction","_legacy_controller":"AdminProducts","_legacy_param_mapper_class":"PrestaShop\\PrestaShop\\Adapter\\Product\\AdminProductDataProvider","_legacy_param_mapper_method":"mapLegacyParametersProductForm","id":"28","_route":"admin_product_form"},"request_uri":"http://localhost/jms_shella/admin4672dprho/index.php/sell/catalog/products/28?_token=gDhdhR0U8YleEnK7FhQC6sP1gsQBRb1KoBjM0rOu2pQ","method":"GET"} []
[2019-05-24 05:06:13] security.DEBUG: Read existing security token from the session. {"key":"_security_main","token_class":"Symfony\\Component\\Security\\Core\\Authentication\\Token\\UsernamePasswordToken"} []
[2019-05-24 05:06:13] security.DEBUG: User was reloaded from a user provider. {"provider":"PrestaShopBundle\\Security\\Admin\\EmployeeProvider","username":"admin@admin.com"} []
[2019-05-24 05:06:14] app.ERROR: Data from PrestaShop Addons is invalid, and cannot fallback on cache.  {"exception":"Server error response [url] https://api-addons.prestashop.com?format=json&iso_lang=en&iso_code=US&version=1.7.5.2&shop_url=http%3A%2F%2Flocalhost&method=listing&action=must-have [status code] 500 [reason phrase] Internal Server Error"} []
[2019-05-24 05:06:15] security.DEBUG: Stored the security token in the session. {"key":"_security_main"} []
[2019-05-24 05:08:22] request.INFO: Matched route "admin_product_form". {"route":"admin_product_form","route_parameters":{"_controller":"PrestaShopBundle\\Controller\\Admin\\ProductController::formAction","_legacy_controller":"AdminProducts","_legacy_param_mapper_class":"PrestaShop\\PrestaShop\\Adapter\\Product\\AdminProductDataProvider","_legacy_param_mapper_method":"mapLegacyParametersProductForm","id":"29","_route":"admin_product_form"},"request_uri":"http://localhost/jms_shella/admin4672dprho/index.php/sell/catalog/products/29?_token=gDhdhR0U8YleEnK7FhQC6sP1gsQBRb1KoBjM0rOu2pQ","method":"GET"} []
[2019-05-24 05:08:22] security.DEBUG: Read existing security token from the session. {"key":"_security_main","token_class":"Symfony\\Component\\Security\\Core\\Authentication\\Token\\UsernamePasswordToken"} []
[2019-05-24 05:08:22] security.DEBUG: User was reloaded from a user provider. {"provider":"PrestaShopBundle\\Security\\Admin\\EmployeeProvider","username":"admin@admin.com"} []
[2019-05-24 05:08:23] app.ERROR: Data from PrestaShop Addons is invalid, and cannot fallback on cache.  {"exception":"Server error response [url] https://api-addons.prestashop.com?format=json&iso_lang=en&iso_code=US&version=1.7.5.2&shop_url=http%3A%2F%2Flocalhost&method=listing&action=must-have [status code] 500 [reason phrase] Internal Server Error"} []
[2019-05-24 05:08:24] security.DEBUG: Stored the security token in the session. {"key":"_security_main"} []
[2019-05-24 05:10:54] request.INFO: Matched route "admin_product_form". {"route":"admin_product_form","route_parameters":{"_controller":"PrestaShopBundle\\Controller\\Admin\\ProductController::formAction","_legacy_controller":"AdminProducts","_legacy_param_mapper_class":"PrestaShop\\PrestaShop\\Adapter\\Product\\AdminProductDataProvider","_legacy_param_mapper_method":"mapLegacyParametersProductForm","id":"30","_route":"admin_product_form"},"request_uri":"http://localhost/jms_shella/admin4672dprho/index.php/sell/catalog/products/30?_token=gDhdhR0U8YleEnK7FhQC6sP1gsQBRb1KoBjM0rOu2pQ","method":"GET"} []
[2019-05-24 05:10:54] security.DEBUG: Read existing security token from the session. {"key":"_security_main","token_class":"Symfony\\Component\\Security\\Core\\Authentication\\Token\\UsernamePasswordToken"} []
[2019-05-24 05:10:54] security.DEBUG: User was reloaded from a user provider. {"provider":"PrestaShopBundle\\Security\\Admin\\EmployeeProvider","username":"admin@admin.com"} []
[2019-05-24 05:10:55] app.ERROR: Data from PrestaShop Addons is invalid, and cannot fallback on cache.  {"exception":"Server error response [url] https://api-addons.prestashop.com?format=json&iso_lang=en&iso_code=US&version=1.7.5.2&shop_url=http%3A%2F%2Flocalhost&method=listing&action=must-have [status code] 500 [reason phrase] Internal Server Error"} []
[2019-05-24 05:10:55] security.DEBUG: Stored the security token in the session. {"key":"_security_main"} []
[2019-05-24 05:12:13] request.INFO: Matched route "admin_product_form". {"route":"admin_product_form","route_parameters":{"_controller":"PrestaShopBundle\\Controller\\Admin\\ProductController::formAction","_legacy_controller":"AdminProducts","_legacy_param_mapper_class":"PrestaShop\\PrestaShop\\Adapter\\Product\\AdminProductDataProvider","_legacy_param_mapper_method":"mapLegacyParametersProductForm","id":"30","_route":"admin_product_form"},"request_uri":"http://localhost/jms_shella/admin4672dprho/index.php/sell/catalog/products/30?_token=gDhdhR0U8YleEnK7FhQC6sP1gsQBRb1KoBjM0rOu2pQ","method":"GET"} []
[2019-05-24 05:12:13] security.DEBUG: Read existing security token from the session. {"key":"_security_main","token_class":"Symfony\\Component\\Security\\Core\\Authentication\\Token\\UsernamePasswordToken"} []
[2019-05-24 05:12:13] security.DEBUG: User was reloaded from a user provider. {"provider":"PrestaShopBundle\\Security\\Admin\\EmployeeProvider","username":"admin@admin.com"} []
[2019-05-24 05:12:15] app.ERROR: Data from PrestaShop Addons is invalid, and cannot fallback on cache.  {"exception":"Server error response [url] https://api-addons.prestashop.com?format=json&iso_lang=en&iso_code=US&version=1.7.5.2&shop_url=http%3A%2F%2Flocalhost&method=listing&action=must-have [status code] 500 [reason phrase] Internal Server Error"} []
[2019-05-24 05:12:15] security.DEBUG: Stored the security token in the session. {"key":"_security_main"} []
[2019-05-24 05:21:50] request.INFO: Matched route "admin_product_form". {"route":"admin_product_form","route_parameters":{"_controller":"PrestaShopBundle\\Controller\\Admin\\ProductController::formAction","_legacy_controller":"AdminProducts","_legacy_param_mapper_class":"PrestaShop\\PrestaShop\\Adapter\\Product\\AdminProductDataProvider","_legacy_param_mapper_method":"mapLegacyParametersProductForm","id":"31","_route":"admin_product_form"},"request_uri":"http://localhost/jms_shella/admin4672dprho/index.php/sell/catalog/products/31?_token=gDhdhR0U8YleEnK7FhQC6sP1gsQBRb1KoBjM0rOu2pQ","method":"GET"} []
[2019-05-24 05:21:50] security.DEBUG: Read existing security token from the session. {"key":"_security_main","token_class":"Symfony\\Component\\Security\\Core\\Authentication\\Token\\UsernamePasswordToken"} []
[2019-05-24 05:21:50] security.DEBUG: User was reloaded from a user provider. {"provider":"PrestaShopBundle\\Security\\Admin\\EmployeeProvider","username":"admin@admin.com"} []
[2019-05-24 05:21:51] app.ERROR: Data from PrestaShop Addons is invalid, and cannot fallback on cache.  {"exception":"Server error response [url] https://api-addons.prestashop.com?format=json&iso_lang=en&iso_code=US&version=1.7.5.2&shop_url=http%3A%2F%2Flocalhost&method=listing&action=must-have [status code] 500 [reason phrase] Internal Server Error"} []
[2019-05-24 05:21:51] security.DEBUG: Stored the security token in the session. {"key":"_security_main"} []
[2019-05-24 05:23:33] request.INFO: Matched route "admin_product_form". {"route":"admin_product_form","route_parameters":{"_controller":"PrestaShopBundle\\Controller\\Admin\\ProductController::formAction","_legacy_controller":"AdminProducts","_legacy_param_mapper_class":"PrestaShop\\PrestaShop\\Adapter\\Product\\AdminProductDataProvider","_legacy_param_mapper_method":"mapLegacyParametersProductForm","id":"32","_route":"admin_product_form"},"request_uri":"http://localhost/jms_shella/admin4672dprho/index.php/sell/catalog/products/32?_token=gDhdhR0U8YleEnK7FhQC6sP1gsQBRb1KoBjM0rOu2pQ","method":"GET"} []
[2019-05-24 05:23:33] security.DEBUG: Read existing security token from the session. {"key":"_security_main","token_class":"Symfony\\Component\\Security\\Core\\Authentication\\Token\\UsernamePasswordToken"} []
[2019-05-24 05:23:33] security.DEBUG: User was reloaded from a user provider. {"provider":"PrestaShopBundle\\Security\\Admin\\EmployeeProvider","username":"admin@admin.com"} []
[2019-05-24 05:23:34] app.ERROR: Data from PrestaShop Addons is invalid, and cannot fallback on cache.  {"exception":"Server error response [url] https://api-addons.prestashop.com?format=json&iso_lang=en&iso_code=US&version=1.7.5.2&shop_url=http%3A%2F%2Flocalhost&method=listing&action=must-have [status code] 500 [reason phrase] Internal Server Error"} []
[2019-05-24 05:23:34] security.DEBUG: Stored the security token in the session. {"key":"_security_main"} []
[2019-07-02 21:41:33] request.INFO: Matched route "admin_module_manage". {"route":"admin_module_manage","route_parameters":{"category":null,"keyword":null,"_controller":"PrestaShopBundle\\Controller\\Admin\\Improve\\ModuleController::manageAction","_legacy_controller":"AdminModulesManage","_legacy_link":["AdminModulesManage","AdminModulesSf"],"_route":"admin_module_manage"},"request_uri":"http://localhost/jms_shella/admin4672dprho/index.php/improve/modules/manage?_token=z3Y8YlJ0yoqZyHYOn9aAXXUaVM03KtUz81-2GqWwia4","method":"GET"} []
[2019-07-02 21:41:33] security.INFO: Populated the TokenStorage with an anonymous Token. [] []
[2019-07-02 21:41:39] app.ERROR: Data from PrestaShop Addons is invalid, and cannot fallback on cache.  {"exception":"cURL error 28: Operation timed out after 5007 milliseconds with 166318313570304 bytes received"} []
[2019-07-02 21:41:48] security.DEBUG: Stored the security token in the session. {"key":"_security_main"} []
[2019-07-18 04:34:22] request.INFO: Matched route "admin_module_manage". {"route":"admin_module_manage","route_parameters":{"category":null,"keyword":null,"_controller":"PrestaShopBundle\\Controller\\Admin\\Improve\\ModuleController::manageAction","_legacy_controller":"AdminModulesManage","_legacy_link":["AdminModulesManage","AdminModulesSf"],"_route":"admin_module_manage"},"request_uri":"http://192.168.1.104/jms_shella/admin4672dprho/index.php/improve/modules/manage?_token=SDWMDSyjMEXM1fZegNiA5wajCKftWamkBb9ANIWVITQ","method":"GET"} []
[2019-07-18 04:34:22] security.INFO: Populated the TokenStorage with an anonymous Token. [] []
[2019-07-18 04:34:27] app.ERROR: Data from PrestaShop Addons is invalid, and cannot fallback on cache.  {"exception":"cURL error 28: Operation timed out after 5007 milliseconds with 1166684916285440 bytes received"} []
[2019-07-18 04:34:28] security.DEBUG: Stored the security token in the session. {"key":"_security_main"} []
[2019-07-18 04:34:30] request.INFO: Matched route "admin_module_notification_count". {"route":"admin_module_notification_count","route_parameters":{"_controller":"PrestaShopBundle\\Controller\\Admin\\Improve\\Modules\\AlertsController::notificationsCountAction","_legacy_controller":"AdminModulesNotifications","_legacy_link":"AdminModulesNotifications:count","_route":"admin_module_notification_count"},"request_uri":"http://192.168.1.104/jms_shella/admin4672dprho/index.php/improve/modules/alerts/count?_token=SDWMDSyjMEXM1fZegNiA5wajCKftWamkBb9ANIWVITQ","method":"GET"} []
[2019-07-18 04:34:30] security.DEBUG: Read existing security token from the session. {"key":"_security_main","token_class":"Symfony\\Component\\Security\\Core\\Authentication\\Token\\UsernamePasswordToken"} []
[2019-07-18 04:34:30] security.DEBUG: User was reloaded from a user provider. {"provider":"PrestaShopBundle\\Security\\Admin\\EmployeeProvider","username":"admin@admin.com"} []
[2019-07-18 04:34:36] app.ERROR: Data from PrestaShop Addons is invalid, and cannot fallback on cache.  {"exception":"cURL error 28: Operation timed out after 5008 milliseconds with 962141393780736 bytes received"} []
[2019-07-18 04:34:36] security.DEBUG: Stored the security token in the session. {"key":"_security_main"} []
[2019-09-19 04:18:45] app.ERROR: Data from PrestaShop Addons is invalid, and cannot fallback on cache.  {"exception":"cURL error 28: Operation timed out after 5008 milliseconds with 0 bytes received"} []
